<?xml version="1.0" encoding="UTF-8"?>
<testsuite xmlns:xsi="http://www.w3.org/2001/XMLSchema-instance" xsi:noNamespaceSchemaLocation="https://maven.apache.org/surefire/maven-surefire-plugin/xsd/surefire-test-report.xsd" name="br.com.tau.teste1.TesteComTag" time="0.091" tests="4" errors="0" skipped="0" failures="0">
  <properties>
[...]
</properties>
  <testcase name="firstMethod" classname="br.com.tau.teste1.TesteComTag" time="0.016"/>
  <testcase name="thirdMethod{int}[1]" classname="br.com.tau.teste1.TesteComTag" time="0.019"/>
  <testcase name="thirdMethod{int}[2]" classname="br.com.tau.teste1.TesteComTag" time="0.003"/>
  <testcase name="thirdMethod{int}[3]" classname="br.com.tau.teste1.TesteComTag" time="0.003"/>
</testsuite>